  fast-JX ver-5.3 standalone CTM code
 (FJX_spec 05e) UCI J-v8.4(Xwts) (6/05) JPL02+irHNO4+IUPAC/NO2/VOC+Blitz       
  x-sect:   O2        180.00   260.00   300.00
  x-sect:   O3        180.00   260.00   300.00
  x-sect:   O3(1D)    180.00   260.00   300.00
  x-sect:   NO        300.00   300.00
  x-sect:   H2COa     223.00   293.00
  x-sect:   H2COb     223.00   293.00
  x-sect:   H2O2      200.00   300.00
  x-sect:   CH3OOH    297.00   298.00
  x-sect:   NO2       220.00   298.00
  x-sect:   NO3       297.00   298.00
  x-sect:   N2O5      225.00   300.00
  x-sect:   HNO2      297.00   298.00
  x-sect:   HNO3      200.00   300.00
  x-sect:   HNO4      297.00   298.00
  x-sect:   ClNO3a    210.00   296.00
  x-sect:   ClNO3b    210.00   296.00
  x-sect:   Cl2       200.00   300.00
  x-sect:   HOCl      297.00   298.00
  x-sect:   OClO      204.00   298.00
  x-sect:   Cl2O2     229.00   230.00
  x-sect:   ClO       297.00   298.00
  x-sect:   BrO       297.00   298.00
  x-sect:   BrNO3     230.00   298.00
  x-sect:   HOBr      297.00   298.00
  x-sect:   BrCl      295.00   298.00
  x-sect:   N2O       200.00   300.00
  x-sect:   CFCl3     210.00   298.00
  x-sect:   CF2Cl2    210.00   298.00
  x-sect:   F113      210.00   295.00
  x-sect:   F114      210.00   298.00
  x-sect:   F115      210.00   298.00
  x-sect:   CCl4      210.00   298.00
  x-sect:   CH3Cl     210.00   298.00
  x-sect:   CH3CCl3   210.00   298.00
  x-sect:   CH2Cl2    295.00   298.00
  x-sect:   CHF2Cl    210.00   298.00
  x-sect:   F123      210.00   295.00
  x-sect:   F141b     210.00   298.00
  x-sect:   F142b     210.00   298.00
  x-sect:   CH3Br     210.00   296.00
  x-sect:   H1211     210.00   298.00
  x-sect:   H1301     210.00   298.00
  x-sect:   H2402     210.00   298.00
  x-sect:   CH2Br2    210.00   298.00
  x-sect:   CHBr3     210.00   296.00
  x-sect:   CH3I      210.00   298.00
  x-sect:   CF3I      210.00   300.00
  x-sect:   OCS       225.00   295.00
  x-sect:   PAN       250.00   298.00
  x-sect:   CH3NO3    240.00   298.00
  x-sect:   ActAld    297.00   298.00
  x-sect:   MeVK      297.00   298.00
  x-sect:   MeAcr     297.00   298.00
  x-sect:   GlyAld    297.00   298.00
  x-sect:   MEKeto    297.00   298.00
  x-sect:   EAld      297.00   298.00
  x-sect:   MGlyxl    297.00   298.00
  x-sect:   Glyxla    297.00   298.00
  x-sect:   Glyxlb    297.00   298.00
  x-sect:   JPL-NO2   299.00   300.00
  x-sect:   C3H6O     220.00   300.00
  x-sect:   Q2-Ac     240.00   300.00
  x-sect:   Q1A-Ac    240.00   300.00
  x-sect:   Q1B-Ac    240.00   300.00
 ATAU/ATAU0/JMX  1.18000  0.01000  250
 Aerosol phase functions & wavelengths
  (JX_spec.dat)  Scattering phase fns, scale extinct @ 999 nm  (mjp 5/05)      
 RAYLE  = 1  wavel=   300.0   400.0   600.0   999.0
          1  Qext =123.5000 39.1000  7.7000  1.0000
 ISOTR  = 2  wavel=   300.0   400.0   600.0   999.0
          2  Qext =  1.0000  1.0000  1.0000  1.0000
 ABSRB  = 3  wavel=   300.0   400.0   600.0   999.0
          3  Qext = 10.0000  9.0000  6.5000  6.5000
 S_Bkg =  4  wavel=   300.0   400.0   600.0   999.0
          4  Qext =  2.7541  2.4017  1.6454  0.7449
 S_Vol =  5  wavel=   300.0   400.0   600.0   999.0
          5  Qext =  2.6437  2.5603  2.2221  1.5319
 W_H01 =  6  wavel=   300.0   400.0   600.0   999.0
          6  Qext =  2.8438  2.3497  1.4037  0.5034
 W_H04 =  7  wavel=   300.0   400.0   600.0   999.0
          7  Qext =  2.2995  2.4743  2.6719  2.9565
 W_C02 =  8  wavel=   300.0   400.0   600.0   999.0
          8  Qext =  2.1410  2.1778  2.2287  2.3071
 W_C04 =  9  wavel=   300.0   400.0   600.0   999.0
          9  Qext =  2.0835  2.1064  2.1345  2.1922
 W_C08 = 10  wavel=   300.0   400.0   600.0   999.0
         10  Qext =  2.0539  2.0643  2.0883  2.1236
 W_C13 = 11  wavel=   300.0   400.0   600.0   999.0
         11  Qext =  2.0440  2.0529  2.0716  2.0978
 W_L06 = 12  wavel=   300.0   400.0   600.0   999.0
         12  Qext =  2.0616  2.0747  2.1005  2.1423
 Ice-H = 13  wavel=   300.0   400.0   600.0   999.0
         13  Qext =  2.0000  2.0000  2.0000  2.0000
 Ice-I = 14  wavel=   300.0   400.0   600.0   999.0
         14  Qext =  2.0000  2.0000  2.0000  2.0000
 Mdust 0.15  wavel=   300.0   400.0   600.0   999.0
         15  Qext =  3.0039  2.4763  1.2768  0.3595
 Mdust 0.16  wavel=   300.0   400.0   600.0   999.0
         16  Qext =  2.9406  3.1046  2.6144  1.2426
 Mdust 0.17  wavel=   300.0   400.0   600.0   999.0
         17  Qext =  2.6069  2.8244  3.1156  2.4773
 Mdust 0.18  wavel=   300.0   400.0   600.0   999.0
         18  Qext =  2.3457  2.4344  2.6416  3.0396
 Mdust 1.19  wavel=   300.0   400.0   600.0   999.0
         19  Qext =  2.2228  2.2732  2.3707  2.5751
 Mdust 2.20  wavel=   300.0   400.0   600.0   999.0
         20  Qext =  2.1579  2.1923  2.2560  2.3716
 Mdust 4.21  wavel=   300.0   400.0   600.0   999.0
         21  Qext =  2.1154  2.1402  2.1852  2.2637
 Photochemistry Scheme with   62 J-values
    1  O2       1.00 mapped onto fast-JX:   1  O2     
    2  O3       1.00 mapped onto fast-JX:   2  O3     
    3  O3(1D)   1.00 mapped onto fast-JX:   3  O3(1D) 
    4  NO       1.00 mapped onto fast-JX:   4  NO     
    5  H2COa    1.00 mapped onto fast-JX:   5  H2COa  
    6  H2COb    1.00 mapped onto fast-JX:   6  H2COb  
    7  H2O2     1.00 mapped onto fast-JX:   7  H2O2   
    8  CH3OOH   1.00 mapped onto fast-JX:   8  CH3OOH 
    9  NO2      1.00 mapped onto fast-JX:   9  NO2    
   10  NO3      1.00 mapped onto fast-JX:  10  NO3    
   11  N2O5     1.00 mapped onto fast-JX:  11  N2O5   
   12  HNO2     1.00 mapped onto fast-JX:  12  HNO2   
   13  HNO3     1.00 mapped onto fast-JX:  13  HNO3   
   14  HNO4     1.00 mapped onto fast-JX:  14  HNO4   
   15  ClNO3a   1.00 mapped onto fast-JX:  15  ClNO3a 
   16  ClNO3b   1.00 mapped onto fast-JX:  16  ClNO3b 
   17  Cl2      1.00 mapped onto fast-JX:  17  Cl2    
   18  HOCl     1.00 mapped onto fast-JX:  18  HOCl   
   19  OClO     1.00 mapped onto fast-JX:  19  OClO   
   20  Cl2O2    1.00 mapped onto fast-JX:  20  Cl2O2  
   21  ClO      1.00 mapped onto fast-JX:  21  ClO    
   22  BrO      1.00 mapped onto fast-JX:  22  BrO    
   23  BrNO3    1.00 mapped onto fast-JX:  23  BrNO3  
   24  HOBr     1.00 mapped onto fast-JX:  24  HOBr   
   25  BrCl     1.00 mapped onto fast-JX:  25  BrCl   
   26  N2O      1.00 mapped onto fast-JX:  26  N2O    
   27  CFCl3    1.00 mapped onto fast-JX:  27  CFCl3  
   28  CF2Cl2   1.00 mapped onto fast-JX:  28  CF2Cl2 
   29  F113     1.00 mapped onto fast-JX:  29  F113   
   30  F114     1.00 mapped onto fast-JX:  30  F114   
   31  F115     1.00 mapped onto fast-JX:  31  F115   
   32  CCl4     1.00 mapped onto fast-JX:  32  CCl4   
   33  CH3Cl    1.00 mapped onto fast-JX:  33  CH3Cl  
   34  CH3CCl3  1.00 mapped onto fast-JX:  34  CH3CCl3
   35  CH2Cl2   1.00 mapped onto fast-JX:  35  CH2Cl2 
   36  CHF2Cl   1.00 mapped onto fast-JX:  36  CHF2Cl 
   37  F123     1.00 mapped onto fast-JX:  37  F123   
   38  F141b    1.00 mapped onto fast-JX:  38  F141b  
   39  F142b    1.00 mapped onto fast-JX:  39  F142b  
   40  CH3Br    1.00 mapped onto fast-JX:  40  CH3Br  
   41  H1211    1.00 mapped onto fast-JX:  41  H1211  
   42  H1301    1.00 mapped onto fast-JX:  42  H1301  
   43  H2402    1.00 mapped onto fast-JX:  43  H2402  
   44  CH2Br2   1.00 mapped onto fast-JX:  44  CH2Br2 
   45  CHBr3    1.00 mapped onto fast-JX:  45  CHBr3  
   46  CH3I     1.00 mapped onto fast-JX:  46  CH3I   
   47  CF3I     1.00 mapped onto fast-JX:  47  CF3I   
   48  OCS      1.00 mapped onto fast-JX:  48  OCS    
   49  PAN      1.00 mapped onto fast-JX:  49  PAN    
   50  CH3NO3   1.00 mapped onto fast-JX:  50  CH3NO3 
   51  ActAld   1.00 mapped onto fast-JX:  51  ActAld 
   52  MeVK     1.00 mapped onto fast-JX:  52  MeVK   
   53  MeAcr    1.00 mapped onto fast-JX:  53  MeAcr  
   54  GlyAld   1.00 mapped onto fast-JX:  54  GlyAld 
   55  MEKeto   1.00 mapped onto fast-JX:  55  MEKeto 
   56  EAld     1.00 mapped onto fast-JX:  56  EAld   
   57  MGlyxl   1.00 mapped onto fast-JX:  57  MGlyxl 
   58  Glyxla   1.00 mapped onto fast-JX:  58  Glyxla 
   59  Glyxlb   1.00 mapped onto fast-JX:  59  Glyxlb 
   60  Acet-a   1.00 mapped onto fast-JX:  61  Acet-a 
   61  Acet-b   1.00 mapped onto fast-JX:  62  Acet-b 
   62  ZZZZ     1.00 has no mapping onto onto fast-JX
 std atmos profiles:  18 lat x 12 mon
 fast-JX(5.3b)--------------internal print------------
   L z(km)     p      T       d(air)   d(O3)  col(O2)  col(O3)   ndx  col(aer/cld)
  38 41.15     2.000 261.38 8.48E+16 2.59E+11 8.89E+21 1.30E+17  3 0.00E+00 10 0.00E+00 14 0.00E+00 10 0.00E+00  0  0
  37 25.98    20.000 224.90 2.52E+17 2.32E+12 8.89E+22 3.64E+18  3 0.00E+00 10 0.00E+00 14 0.00E+00 10 0.00E+00  0  0
  36 21.59    40.000 216.40 9.66E+17 3.84E+12 1.78E+23 5.33E+18  3 0.00E+00 10 0.00E+00 14 0.00E+00 10 0.00E+00  0  0
  35 19.07    60.000 212.20 1.68E+18 1.93E+12 2.67E+23 5.81E+18  3 0.00E+00 10 0.00E+00 14 0.00E+00 10 0.00E+00  0  0
  34 17.31    80.000 209.20 2.41E+18 1.10E+12 3.55E+23 6.01E+18  3 0.00E+00 10 0.00E+00 14 0.00E+00 10 0.00E+00  0  0
  33 15.94   100.086 207.70 3.13E+18 7.14E+11 4.45E+23 6.11E+18  3 0.00E+00 10 0.00E+00 14 0.00E+00 10 0.00E+00  0  0
  32 14.80   120.657 208.40 3.82E+18 5.64E+11 5.36E+23 6.17E+18  3 0.00E+00 10 0.00E+00 14 0.00E+00 10 0.00E+00  0  0
  31 13.79   142.114 210.70 4.51E+18 4.15E+11 6.31E+23 6.21E+18  3 0.00E+00 10 0.00E+00 14 0.00E+00 10 0.00E+00  0  0
  30 12.87   164.774 213.40 5.20E+18 3.87E+11 7.32E+23 6.25E+18  3 0.00E+00 10 0.00E+00 14 0.00E+00 10 0.00E+00  0  0
  29 12.00   188.873 215.90 5.92E+18 3.27E+11 8.39E+23 6.28E+18  3 0.00E+00 10 0.00E+00 14 0.00E+00 10 0.00E+00  0  0
  28 11.19   214.573 218.10 6.69E+18 3.18E+11 9.53E+23 6.30E+18  3 0.00E+00 10 0.00E+00 14 0.00E+00 10 0.00E+00  0  0
  27 10.41   241.967 220.50 7.49E+18 2.57E+11 1.08E+24 6.32E+18  3 0.00E+00 10 0.00E+00 14 0.00E+00 10 0.00E+00  0  0
  26  9.67   271.085 223.30 8.31E+18 2.85E+11 1.20E+24 6.34E+18  3 0.00E+00 10 0.00E+00 14 0.00E+00 10 0.00E+00  0  0
  25  8.96   301.897 226.80 9.14E+18 2.62E+11 1.34E+24 6.36E+18  3 0.00E+00 10 0.00E+00 14 0.00E+00 10 0.00E+00  0  0
  24  8.27   334.321 230.90 9.97E+18 2.82E+11 1.49E+24 6.38E+18  3 0.00E+00 10 0.00E+00 14 0.00E+00 10 0.00E+00  0  0
  23  7.60   368.229 235.20 1.08E+19 3.14E+11 1.64E+24 6.40E+18  3 0.00E+00 10 0.00E+00 14 0.00E+00 10 0.00E+00  0  0
  22  6.96   403.450 239.50 1.17E+19 3.90E+11 1.79E+24 6.43E+18  3 0.00E+00 10 0.00E+00 14 0.00E+00 10 0.00E+00  0  0
  21  6.34   439.776 243.80 1.25E+19 4.19E+11 1.95E+24 6.45E+18  3 0.00E+00 10 0.00E+00 14 0.00E+00 10 0.00E+00  0  0
  20  5.76   476.970 247.80 1.34E+19 4.48E+11 2.12E+24 6.48E+18  3 0.00E+00 10 0.00E+00 14 0.00E+00 10 0.00E+00  0  0
  19  5.19   514.768 251.50 1.43E+19 5.38E+11 2.29E+24 6.51E+18  3 0.00E+00 10 0.00E+00 14 0.00E+00 10 0.00E+00  0  0
  18  4.66   552.887 254.90 1.52E+19 5.85E+11 2.46E+24 6.54E+18  3 0.00E+00 10 0.00E+00 14 0.00E+00 10 0.00E+00  0  0
  17  4.16   591.027 258.00 1.61E+19 6.19E+11 2.63E+24 6.57E+18  3 0.00E+00 10 0.00E+00 14 0.00E+00 10 0.00E+00  0  0
  16  3.68   628.883 260.80 1.69E+19 6.54E+11 2.79E+24 6.60E+18  3 0.00E+00 10 0.00E+00 14 0.00E+00 10 0.00E+00  0  0
  15  3.24   666.142 263.40 1.78E+19 6.43E+11 2.96E+24 6.63E+18  3 0.00E+00 10 0.00E+00 14 0.00E+00 10 0.00E+00  0  0
  14  2.83   702.496 265.80 1.86E+19 6.44E+11 3.12E+24 6.66E+18  3 0.00E+00 10 0.00E+00 14 0.00E+00 10 0.00E+00  0  0
  13  2.44   737.643 268.00 1.95E+19 6.72E+11 3.28E+24 6.68E+18  3 0.00E+00 10 0.00E+00 14 0.00E+00 10 0.00E+00  0  0
  12  2.09   771.292 269.80 2.03E+19 7.00E+11 3.43E+24 6.71E+18  3 0.00E+00 10 0.00E+00 14 0.00E+00 10 0.00E+00  0  0
  11  1.77   803.174 271.20 2.10E+19 7.27E+11 3.57E+24 6.73E+18  3 0.00E+00 10 0.00E+00 14 0.00E+00 10 0.00E+00  0  0
  10  1.48   833.040 272.40 2.18E+19 7.52E+11 3.70E+24 6.75E+18  3 0.00E+00 10 0.00E+00 14 0.00E+00 10 0.00E+00  0  0
   9  1.22   860.671 273.50 2.24E+19 7.48E+11 3.82E+24 6.77E+18  3 0.00E+00 10 0.00E+00 14 0.00E+00 10 0.00E+00  0  0
   8  0.98   885.884 274.50 2.30E+19 6.09E+11 3.94E+24 6.79E+18  3 0.00E+00 10 0.00E+00 14 0.00E+00 10 0.00E+00  0  0
   7  0.78   908.534 275.40 2.36E+19 6.24E+11 4.04E+24 6.80E+18  3 0.00E+00 10 0.00E+00 14 0.00E+00 10 0.00E+00  0  0
   6  0.60   928.522 276.20 2.41E+19 6.37E+11 4.13E+24 6.81E+18  3 0.00E+00 10 0.00E+00 14 0.00E+00 10 0.00E+00  0  0
   5  0.45   945.799 276.90 2.45E+19 6.48E+11 4.20E+24 6.82E+18  3 0.00E+00 10 0.00E+00 14 0.00E+00 10 0.00E+00  0  0
   4  0.33   960.375 277.50 2.49E+19 6.57E+11 4.27E+24 6.83E+18  3 0.00E+00 10 0.00E+00 14 0.00E+00 10 0.00E+00  0  0
   3  0.23   972.319 278.10 2.52E+19 6.65E+11 4.32E+24 6.84E+18  3 0.00E+00 10 0.00E+00 14 0.00E+00 10 1.00E+01 37  3
   2  0.09   988.929 278.60 2.55E+19 6.72E+11 4.39E+24 6.84E+18  3 0.00E+00 10 0.00E+00 14 0.00E+00 10 1.00E+01  0  0
   1  0.00  1000.000 278.70 2.58E+19 6.80E+11 4.44E+24 6.85E+18  3 0.00E+00 10 0.00E+00 14 0.00E+00 10 1.00E+01  0  0
 fast-JX:  SZA/u0/albedo/SOL*fact    1.4000    0.9997    0.1000    1.0000
 bin:        1        2        3        4        5        6        7        8        9       10       11       12       13       14       15       16       17       18
 wvl:   187.00   191.00   194.00   196.00   202.00   208.00   211.00   214.00   261.00   268.00   278.00   295.00   303.00   310.00   316.00   333.00   380.00   574.00
 37   0.000000 0.000002 0.054175 0.267224 0.368187 0.296636 0.219407 0.136329 0.000001 0.001266 0.054267 0.230765 0.650714 1.058642 1.435987 1.952037 2.000659 1.862860
 36   0.000000 0.000000 0.000564 0.034351 0.077071 0.047222 0.023511 0.007645 0.000000 0.000000 0.000976 0.030992 0.388905 1.002116 1.494776 2.015202 2.024320 1.875983
 35   0.000000 0.000000 0.000010 0.007369 0.025608 0.014634 0.006421 0.001630 0.000000 0.000000 0.000180 0.014492 0.353726 1.042731 1.566918 2.062078 2.047104 1.883828
 34   0.000000 0.000000 0.000000 0.002074 0.010715 0.006297 0.002775 0.000673 0.000000 0.000000 0.000106 0.012193 0.358991 1.080278 1.613277 2.097305 2.067971 1.888820
 33   0.000000 0.000000 0.000000 0.000625 0.004724 0.002926 0.001339 0.000327 0.000000 0.000000 0.000083 0.011609 0.366405 1.107174 1.647134 2.126865 2.087168 1.893014
 32   0.000000 0.000000 0.000000 0.000189 0.002090 0.001376 0.000662 0.000165 0.000000 0.000000 0.000072 0.011387 0.372594 1.128143 1.674605 2.152722 2.105053 1.896937
 31   0.000000 0.000000 0.000000 0.000055 0.000904 0.000637 0.000324 0.000084 0.000000 0.000000 0.000064 0.011278 0.377729 1.145586 1.698121 2.175949 2.122022 1.900790
 30   0.000000 0.000000 0.000000 0.000015 0.000375 0.000285 0.000154 0.000041 0.000000 0.000000 0.000058 0.011188 0.381812 1.160305 1.718613 2.197117 2.138331 1.904675
 29   0.000000 0.000000 0.000000 0.000004 0.000148 0.000122 0.000070 0.000020 0.000000 0.000000 0.000052 0.011103 0.385139 1.172982 1.736712 2.216535 2.154098 1.908649
 28   0.000000 0.000000 0.000000 0.000001 0.000055 0.000049 0.000031 0.000009 0.000000 0.000000 0.000048 0.011007 0.387663 1.183707 1.752570 2.234313 2.169345 1.912733
 27   0.000000 0.000000 0.000000 0.000000 0.000019 0.000019 0.000013 0.000004 0.000000 0.000000 0.000043 0.010899 0.389432 1.192587 1.766283 2.250469 2.184026 1.916927
 26   0.000000 0.000000 0.000000 0.000000 0.000006 0.000007 0.000005 0.000002 0.000000 0.000000 0.000039 0.010754 0.390236 1.199439 1.777756 2.264954 2.198057 1.921221
 25   0.000000 0.000000 0.000000 0.000000 0.000002 0.000002 0.000002 0.000001 0.000000 0.000000 0.000035 0.010580 0.390211 1.204429 1.787079 2.277724 2.211336 1.925594
 24   0.000000 0.000000 0.000000 0.000000 0.000001 0.000001 0.000001 0.000000 0.000000 0.000000 0.000031 0.010369 0.389230 1.207409 1.794148 2.288707 2.223756 1.930009
 23   0.000000 0.000000 0.000000 0.000000 0.000000 0.000000 0.000000 0.000000 0.000000 0.000000 0.000027 0.010116 0.387316 1.208427 1.798982 2.297855 2.235220 1.934430
 22   0.000000 0.000000 0.000000 0.000000 0.000000 0.000000 0.000000 0.000000 0.000000 0.000000 0.000024 0.009826 0.384559 1.207614 1.801661 2.305144 2.245646 1.938816
 21   0.000000 0.000000 0.000000 0.000000 0.000000 0.000000 0.000000 0.000000 0.000000 0.000000 0.000021 0.009522 0.381272 1.205324 1.802399 2.310580 2.254965 1.943119
 20   0.000000 0.000000 0.000000 0.000000 0.000000 0.000000 0.000000 0.000000 0.000000 0.000000 0.000018 0.009213 0.377518 1.201635 1.801250 2.314170 2.263129 1.947290
 19   0.000000 0.000000 0.000000 0.000000 0.000000 0.000000 0.000000 0.000000 0.000000 0.000000 0.000015 0.008891 0.373291 1.196601 1.798288 2.315945 2.270104 1.951289
 18   0.000000 0.000000 0.000000 0.000000 0.000000 0.000000 0.000000 0.000000 0.000000 0.000000 0.000013 0.008579 0.368920 1.190651 1.793816 2.315990 2.275868 1.955078
 17   0.000000 0.000000 0.000000 0.000000 0.000000 0.000000 0.000000 0.000000 0.000000 0.000000 0.000011 0.008288 0.364579 1.184028 1.788038 2.314393 2.280413 1.958620
 16   0.000000 0.000000 0.000000 0.000000 0.000000 0.000000 0.000000 0.000000 0.000000 0.000000 0.000009 0.008023 0.360343 1.176887 1.781119 2.311258 2.283740 1.961889
 15   0.000000 0.000000 0.000000 0.000000 0.000000 0.000000 0.000000 0.000000 0.000000 0.000000 0.000008 0.007790 0.356308 1.169399 1.773244 2.306705 2.285859 1.964863
 14   0.000000 0.000000 0.000000 0.000000 0.000000 0.000000 0.000000 0.000000 0.000000 0.000000 0.000007 0.007581 0.352403 1.161558 1.764499 2.300849 2.286791 1.967531
 13   0.000000 0.000000 0.000000 0.000000 0.000000 0.000000 0.000000 0.000000 0.000000 0.000000 0.000006 0.007393 0.348593 1.153410 1.755007 2.293815 2.286571 1.969890
 12   0.000000 0.000000 0.000000 0.000000 0.000000 0.000000 0.000000 0.000000 0.000000 0.000000 0.000005 0.007226 0.344963 1.145138 1.744973 2.285744 2.285250 1.971945
 11   0.000000 0.000000 0.000000 0.000000 0.000000 0.000000 0.000000 0.000000 0.000000 0.000000 0.000005 0.007085 0.341602 1.136925 1.734593 2.276773 2.282903 1.973707
 10   0.000000 0.000000 0.000000 0.000000 0.000000 0.000000 0.000000 0.000000 0.000000 0.000000 0.000004 0.006972 0.338577 1.128916 1.724036 2.267042 2.279629 1.975193
  9   0.000000 0.000000 0.000000 0.000000 0.000000 0.000000 0.000000 0.000000 0.000000 0.000000 0.000004 0.006888 0.335937 1.121222 1.713443 2.256701 2.275559 1.976424
  8   0.000000 0.000000 0.000000 0.000000 0.000000 0.000000 0.000000 0.000000 0.000000 0.000000 0.000004 0.006832 0.333648 1.113863 1.702909 2.245916 2.270859 1.977423
  7   0.000000 0.000000 0.000000 0.000000 0.000000 0.000000 0.000000 0.000000 0.000000 0.000000 0.000004 0.006784 0.331464 1.106612 1.692387 2.234867 2.265725 1.978218
  6   0.000000 0.000000 0.000000 0.000000 0.000000 0.000000 0.000000 0.000000 0.000000 0.000000 0.000003 0.006744 0.329370 1.099515 1.682013 2.223803 2.260376 1.978840
  5   0.000000 0.000000 0.000000 0.000000 0.000000 0.000000 0.000000 0.000000 0.000000 0.000000 0.000003 0.006712 0.327407 1.092717 1.672012 2.213024 2.255046 1.979316
  4   0.000000 0.000000 0.000000 0.000000 0.000000 0.000000 0.000000 0.000000 0.000000 0.000000 0.000003 0.006687 0.325607 1.086368 1.662632 2.202858 2.249964 1.979673
  3   0.000000 0.000000 0.000000 0.000000 0.000000 0.000000 0.000000 0.000000 0.000000 0.000000 0.000003 0.006070 0.277865 0.905722 1.381377 1.868558 2.076819 2.228052
  2   0.000000 0.000000 0.000000 0.000000 0.000000 0.000000 0.000000 0.000000 0.000000 0.000000 0.000002 0.003246 0.148999 0.486044 0.742478 1.010818 1.129036 1.199804
  1   0.000000 0.000000 0.000000 0.000000 0.000000 0.000000 0.000000 0.000000 0.000000 0.000000 0.000002 0.003075 0.142959 0.469018 0.718947 0.984815 1.111680 1.196132
 fast-JX(5.3b)--------------internal print------------
Step=  1  Day= 80 UT(hr)=12.0  SZA=   1.40  LAT x LONG=   1.40   0.00
 L=  O2       O3       O3(1D)   NO       H2COa    H2COb    H2O2     CH3OOH   NO2      NO3      N2O5     HNO2     HNO3     HNO4     ClNO3a   ClNO3b   Cl2      HOCl     OClO     Cl2O2    ClO      BrO      BrNO3    HOBr     BrCl     N2O      CFCl3    CF2Cl2   F113     F114     F115     CCl4     CH3Cl    CH3CCl3  CH2Cl2   CHF2Cl   F123     F141b    F142b    CH3Br    H1211    H1301    H2402    CH2Br2   CHBr3    CH3I     CF3I     OCS      PAN      CH3NO3   ActAld   MeVK     MeAcr    GlyAld   MEKeto   EAld     MGlyxl   Glyxla   Glyxlb   Acet-a   Acet-b   ZZZZ   
 37 6.27E-11 1.03E-03 2.59E-04 6.46E-08 7.27E-05 9.94E-05 1.88E-05 1.40E-05 1.66E-02 3.28E-01 9.81E-05 3.53E-03 1.96E-05 6.35E-05 8.80E-05 2.96E-05 4.52E-03 5.74E-04 1.59E-01 3.14E-03 5.81E-04 7.33E-02 2.74E-03 4.15E-03 1.84E-02 1.02E-07 2.17E-06 1.98E-07 3.59E-07 2.26E-08 1.70E-09 3.95E-06 5.35E-08 3.41E-06 3.41E-07 9.48E-10 3.07E-07 4.79E-07 3.31E-09 5.68E-06 1.04E-05 1.07E-06 9.80E-06 2.38E-05 5.03E-05 1.78E-05 7.42E-05 1.39E-06 1.98E-05 2.94E-06 2.02E-05 4.61E-05 8.10E-06 2.73E-05 4.21E-05 1.24E-04 1.20E-03 4.37E-05 1.05E-04 1.28E-05 2.69E-08 0.00E+00
 36 7.87E-12 8.64E-04 1.06E-04 1.62E-09 7.08E-05 1.01E-04 1.37E-05 1.17E-05 1.68E-02 3.30E-01 4.95E-05 3.58E-03 4.18E-06 3.45E-05 6.69E-05 1.58E-05 4.57E-03 5.65E-04 1.61E-01 2.92E-03 3.14E-04 7.48E-02 2.69E-03 4.15E-03 1.86E-02 1.66E-08 3.59E-07 2.86E-08 5.63E-08 3.43E-09 2.70E-10 5.71E-07 8.28E-09 5.58E-07 5.41E-08 1.44E-10 4.71E-08 7.66E-08 4.84E-10 7.71E-07 1.34E-06 1.41E-07 1.31E-06 2.62E-06 6.97E-06 1.04E-05 4.41E-05 1.20E-07 3.92E-06 1.91E-06 1.45E-05 4.08E-05 8.19E-06 1.97E-05 3.02E-05 1.09E-04 1.09E-03 4.04E-05 1.06E-04 4.67E-06 4.52E-09 0.00E+00
 35 2.37E-12 8.56E-04 9.40E-05 2.56E-10 7.26E-05 1.04E-04 1.34E-05 1.18E-05 1.70E-02 3.32E-01 4.52E-05 3.64E-03 2.12E-06 3.15E-05 6.52E-05 1.47E-05 4.66E-03 5.75E-04 1.63E-01 2.96E-03 2.97E-04 7.64E-02 2.72E-03 4.20E-03 1.88E-02 5.10E-09 1.12E-07 8.48E-09 1.72E-08 1.04E-09 8.37E-11 1.76E-07 2.53E-09 1.75E-07 1.68E-08 4.37E-11 1.43E-08 2.36E-08 1.45E-10 2.36E-07 4.11E-07 4.32E-08 4.05E-07 7.78E-07 3.01E-06 9.71E-06 4.12E-05 3.40E-08 2.08E-06 1.86E-06 1.43E-05 3.78E-05 8.35E-06 1.95E-05 2.86E-05 1.11E-04 9.99E-04 4.11E-05 1.07E-04 3.37E-06 1.39E-09 0.00E+00
 34 9.95E-13 8.61E-04 9.43E-05 1.02E-10 7.42E-05 1.06E-04 1.35E-05 1.20E-05 1.72E-02 3.33E-01 4.49E-05 3.68E-03 1.59E-06 3.11E-05 6.53E-05 1.46E-05 4.72E-03 5.85E-04 1.65E-01 3.01E-03 3.02E-04 7.76E-02 2.75E-03 4.24E-03 1.89E-02 2.07E-09 4.64E-08 3.36E-09 6.96E-09 4.20E-10 3.43E-11 7.37E-08 1.02E-09 7.23E-08 6.86E-09 1.76E-11 5.76E-09 9.60E-09 5.78E-11 9.94E-08 1.77E-07 1.83E-08 1.73E-07 3.31E-07 2.04E-06 9.69E-06 4.12E-05 1.46E-08 1.62E-06 1.90E-06 1.47E-05 3.53E-05 8.48E-06 1.99E-05 2.79E-05 1.14E-04 9.21E-04 4.21E-05 1.07E-04 2.85E-06 0.00E+00 0.00E+00
 33 4.53E-13 8.66E-04 9.56E-05 4.97E-11 7.56E-05 1.07E-04 1.36E-05 1.22E-05 1.74E-02 3.33E-01 4.51E-05 3.72E-03 1.39E-06 3.11E-05 6.60E-05 1.48E-05 4.78E-03 5.93E-04 1.67E-01 3.05E-03 3.08E-04 7.87E-02 2.78E-03 4.28E-03 1.90E-02 9.03E-10 2.05E-08 1.45E-09 3.03E-09 1.83E-10 1.50E-11 3.32E-08 4.45E-10 3.20E-08 3.00E-09 7.66E-12 2.52E-09 4.19E-09 2.51E-11 4.53E-08 8.33E-08 8.37E-09 8.06E-08 1.55E-07 1.70E-06 9.86E-06 4.19E-05 7.04E-09 1.46E-06 1.94E-06 1.50E-05 3.31E-05 8.59E-06 2.03E-05 2.71E-05 1.16E-04 8.55E-04 4.28E-05 1.08E-04 2.51E-06 0.00E+00 0.00E+00
 32 2.12E-13 8.71E-04 9.72E-05 2.51E-11 7.67E-05 1.09E-04 1.38E-05 1.24E-05 1.75E-02 3.34E-01 4.56E-05 3.76E-03 1.33E-06 3.12E-05 6.67E-05 1.50E-05 4.83E-03 6.00E-04 1.68E-01 3.09E-03 3.13E-04 7.96E-02 2.81E-03 4.32E-03 1.92E-02 4.02E-10 9.13E-09 6.37E-10 1.34E-09 8.04E-11 6.68E-12 1.53E-08 1.96E-10 1.44E-08 1.33E-09 3.37E-12 1.12E-09 1.86E-09 1.11E-11 2.11E-08 4.14E-08 3.92E-09 3.95E-08 7.56E-08 1.56E-06 1.00E-05 4.26E-05 3.56E-09 1.39E-06 1.97E-06 1.52E-05 3.12E-05 8.69E-06 2.06E-05 2.64E-05 1.17E-04 8.00E-04 4.34E-05 1.08E-04 2.27E-06 0.00E+00 0.00E+00
 31 9.95E-14 8.76E-04 9.90E-05 1.27E-11 7.77E-05 1.10E-04 1.41E-05 1.25E-05 1.77E-02 3.35E-01 4.60E-05 3.79E-03 1.32E-06 3.13E-05 6.75E-05 1.52E-05 4.88E-03 6.07E-04 1.70E-01 3.13E-03 3.17E-04 8.05E-02 2.83E-03 4.35E-03 1.93E-02 1.78E-10 4.02E-09 2.77E-10 5.84E-10 3.50E-11 2.93E-12 6.97E-09 8.50E-11 6.36E-09 5.84E-10 1.47E-12 4.90E-10 8.10E-10 4.84E-12 9.83E-09 2.20E-08 1.85E-09 2.05E-08 3.84E-08 1.52E-06 1.02E-05 4.34E-05 1.89E-09 1.37E-06 1.99E-06 1.54E-05 2.95E-05 8.77E-06 2.09E-05 2.57E-05 1.19E-04 7.53E-04 4.40E-05 1.08E-04 2.10E-06 4.67E-10 0.00E+00
 30 4.73E-14 8.80E-04 1.01E-04 6.28E-12 7.85E-05 1.11E-04 1.43E-05 1.27E-05 1.78E-02 3.35E-01 4.65E-05 3.82E-03 1.34E-06 3.15E-05 6.88E-05 1.55E-05 4.92E-03 6.12E-04 1.71E-01 3.16E-03 3.20E-04 8.12E-02 2.85E-03 4.38E-03 1.94E-02 7.65E-11 1.72E-09 1.18E-10 2.48E-10 1.49E-11 1.25E-12 3.15E-09 3.59E-11 2.74E-09 2.48E-10 6.20E-13 2.11E-10 3.44E-10 2.08E-12 4.60E-09 1.32E-08 8.73E-10 1.17E-08 2.08E-08 1.59E-06 1.06E-05 4.50E-05 1.07E-09 1.37E-06 2.02E-06 1.56E-05 2.79E-05 8.85E-06 2.12E-05 2.50E-05 1.20E-04 7.10E-04 4.45E-05 1.09E-04 1.96E-06 2.29E-09 0.00E+00
 29 2.33E-14 8.85E-04 1.02E-04 2.99E-12 7.93E-05 1.12E-04 1.45E-05 1.28E-05 1.80E-02 3.36E-01 4.69E-05 3.85E-03 1.36E-06 3.16E-05 7.00E-05 1.59E-05 4.96E-03 6.18E-04 1.72E-01 3.18E-03 3.23E-04 8.19E-02 2.87E-03 4.41E-03 1.95E-02 3.16E-11 7.11E-10 4.82E-11 1.02E-10 6.06E-12 5.13E-13 1.43E-09 1.45E-11 1.15E-09 1.02E-10 2.51E-13 8.72E-11 1.40E-10 8.54E-13 2.21E-09 9.39E-09 4.28E-10 7.85E-09 1.26E-08 1.67E-06 1.09E-05 4.65E-05 6.64E-10 1.37E-06 2.04E-06 1.58E-05 2.65E-05 8.93E-06 2.14E-05 2.42E-05 1.21E-04 6.71E-04 4.49E-05 1.09E-04 1.83E-06 4.02E-09 0.00E+00
 28 1.26E-14 8.89E-04 1.03E-04 1.36E-12 8.00E-05 1.13E-04 1.47E-05 1.29E-05 1.81E-02 3.37E-01 4.73E-05 3.88E-03 1.39E-06 3.17E-05 7.11E-05 1.62E-05 5.00E-03 6.23E-04 1.74E-01 3.21E-03 3.26E-04 8.26E-02 2.89E-03 4.44E-03 1.96E-02 1.26E-11 2.87E-10 1.87E-11 4.00E-11 2.37E-12 2.06E-13 6.74E-10 5.61E-12 4.75E-10 4.06E-11 9.76E-14 3.50E-11 5.52E-11 3.36E-13 1.15E-09 7.86E-09 2.29E-10 6.20E-09 8.86E-09 1.75E-06 1.13E-05 4.78E-05 4.64E-10 1.38E-06 2.05E-06 1.59E-05 2.51E-05 9.00E-06 2.15E-05 2.34E-05 1.22E-04 6.34E-04 4.53E-05 1.09E-04 1.71E-06 5.55E-09 0.00E+00
 27 7.87E-15 8.93E-04 1.04E-04 5.90E-13 8.05E-05 1.14E-04 1.49E-05 1.30E-05 1.82E-02 3.37E-01 4.76E-05 3.90E-03 1.41E-06 3.19E-05 7.22E-05 1.65E-05 5.03E-03 6.27E-04 1.75E-01 3.23E-03 3.28E-04 8.32E-02 2.91E-03 4.46E-03 1.97E-02 5.01E-12 1.18E-10 7.01E-12 1.57E-11 9.14E-13 8.45E-14 3.57E-10 2.13E-12 2.04E-10 1.64E-11 3.70E-14 1.42E-11 2.16E-11 1.29E-13 6.88E-10 7.41E-09 1.42E-10 5.58E-09 7.16E-09 1.84E-06 1.16E-05 4.91E-05 3.61E-10 1.39E-06 2.07E-06 1.60E-05 2.38E-05 9.06E-06 2.17E-05 2.27E-05 1.23E-04 5.99E-04 4.56E-05 1.10E-04 1.61E-06 7.24E-09 0.00E+00
 26 5.72E-15 8.96E-04 1.05E-04 2.43E-13 8.10E-05 1.14E-04 1.51E-05 1.31E-05 1.84E-02 3.38E-01 4.78E-05 3.93E-03 1.44E-06 3.20E-05 7.34E-05 1.68E-05 5.06E-03 6.31E-04 1.76E-01 3.25E-03 3.29E-04 8.37E-02 2.92E-03 4.48E-03 1.97E-02 2.15E-12 5.39E-11 2.64E-12 6.57E-12 3.69E-13 3.83E-14 2.26E-10 8.32E-13 1.00E-10 7.23E-12 1.45E-14 6.24E-12 8.96E-12 5.17E-14 4.84E-10 7.46E-09 1.03E-10 5.42E-09 6.36E-09 1.94E-06 1.19E-05 5.05E-05 3.02E-10 1.39E-06 2.08E-06 1.61E-05 2.25E-05 9.12E-06 2.18E-05 2.19E-05 1.24E-04 5.67E-04 4.59E-05 1.10E-04 1.53E-06 9.27E-09 0.00E+00
 25 4.62E-15 9.00E-04 1.06E-04 9.46E-14 8.12E-05 1.14E-04 1.53E-05 1.31E-05 1.85E-02 3.39E-01 4.98E-05 3.95E-03 1.47E-06 3.21E-05 7.48E-05 1.71E-05 5.09E-03 6.34E-04 1.77E-01 3.27E-03 3.30E-04 8.42E-02 2.94E-03 4.51E-03 1.98E-02 1.12E-12 3.04E-11 1.11E-12 3.29E-12 1.76E-13 2.12E-14 1.69E-10 3.77E-13 6.06E-11 3.88E-12 6.54E-15 3.36E-12 4.43E-12 2.39E-14 3.84E-10 7.80E-09 8.36E-11 5.47E-09 5.98E-09 2.07E-06 1.23E-05 5.22E-05 2.62E-10 1.40E-06 2.08E-06 1.61E-05 2.14E-05 9.17E-06 2.19E-05 2.11E-05 1.25E-04 5.39E-04 4.61E-05 1.10E-04 1.47E-06 1.18E-08 0.00E+00
 24 3.94E-15 9.03E-04 1.07E-04 3.50E-14 8.12E-05 1.14E-04 1.55E-05 1.32E-05 1.87E-02 3.40E-01 5.40E-05 3.97E-03 1.51E-06 3.21E-05 7.62E-05 1.75E-05 5.11E-03 6.37E-04 1.78E-01 3.28E-03 3.30E-04 8.46E-02 2.95E-03 4.53E-03 1.99E-02 7.53E-13 2.16E-11 5.93E-13 2.13E-12 1.09E-13 1.46E-14 1.40E-10 2.21E-13 4.49E-11 2.61E-12 3.87E-15 2.30E-12 2.81E-12 1.43E-14 3.26E-10 8.29E-09 7.20E-11 5.62E-09 5.78E-09 2.21E-06 1.28E-05 5.41E-05 2.32E-10 1.40E-06 2.09E-06 1.61E-05 2.04E-05 9.22E-06 2.19E-05 2.04E-05 1.25E-04 5.13E-04 4.63E-05 1.11E-04 1.42E-06 1.49E-08 0.00E+00
 23 3.42E-15 9.06E-04 1.07E-04 1.23E-14 8.11E-05 1.14E-04 1.57E-05 1.32E-05 1.88E-02 3.41E-01 5.84E-05 3.99E-03 1.54E-06 3.22E-05 7.77E-05 1.79E-05 5.13E-03 6.40E-04 1.78E-01 3.29E-03 3.29E-04 8.49E-02 2.96E-03 4.54E-03 2.00E-02 6.07E-13 1.77E-11 4.17E-13 1.66E-12 8.35E-14 1.16E-14 1.22E-10 1.64E-13 3.72E-11 2.05E-12 2.92E-15 1.86E-12 2.16E-12 1.07E-14 2.82E-10 8.82E-09 6.33E-11 5.80E-09 5.65E-09 2.36E-06 1.33E-05 5.59E-05 2.05E-10 1.40E-06 2.09E-06 1.61E-05 1.94E-05 9.25E-06 2.19E-05 1.97E-05 1.25E-04 4.89E-04 4.64E-05 1.11E-04 1.38E-06 1.81E-08 0.00E+00
 22 2.97E-15 9.09E-04 1.08E-04 4.12E-15 8.10E-05 1.14E-04 1.59E-05 1.32E-05 1.89E-02 3.41E-01 6.27E-05 4.01E-03 1.58E-06 3.22E-05 7.91E-05 1.82E-05 5.15E-03 6.41E-04 1.79E-01 3.30E-03 3.28E-04 8.52E-02 2.97E-03 4.56E-03 2.01E-02 5.28E-13 1.54E-11 3.46E-13 1.41E-12 7.13E-14 9.78E-15 1.07E-10 1.38E-13 3.21E-11 1.71E-12 2.50E-15 1.61E-12 1.82E-12 9.09E-15 2.45E-10 9.35E-09 5.58E-11 5.98E-09 5.54E-09 2.50E-06 1.37E-05 5.77E-05 1.80E-10 1.40E-06 2.08E-06 1.61E-05 1.85E-05 9.29E-06 2.19E-05 1.90E-05 1.25E-04 4.67E-04 4.64E-05 1.11E-04 1.35E-06 2.13E-08 0.00E+00
 21 2.56E-15 9.11E-04 1.08E-04 1.33E-15 8.07E-05 1.14E-04 1.61E-05 1.32E-05 1.91E-02 3.42E-01 6.69E-05 4.03E-03 1.61E-06 3.22E-05 8.04E-05 1.85E-05 5.16E-03 6.43E-04 1.80E-01 3.30E-03 3.27E-04 8.54E-02 2.97E-03 4.57E-03 2.01E-02 4.71E-13 1.35E-11 3.06E-13 1.24E-12 6.31E-14 8.36E-15 9.38E-11 1.21E-13 2.80E-11 1.46E-12 2.23E-15 1.42E-12 1.57E-12 8.02E-15 2.12E-10 9.88E-09 4.91E-11 6.16E-09 5.46E-09 2.64E-06 1.41E-05 5.95E-05 1.57E-10 1.40E-06 2.14E-06 1.61E-05 1.77E-05 9.31E-06 2.19E-05 1.83E-05 1.25E-04 4.47E-04 4.64E-05 1.11E-04 1.32E-06 2.48E-08 0.00E+00
 20 2.21E-15 9.13E-04 1.08E-04 4.13E-16 8.04E-05 1.13E-04 1.62E-05 1.32E-05 1.92E-02 3.43E-01 7.08E-05 4.04E-03 1.63E-06 3.22E-05 8.17E-05 1.88E-05 5.17E-03 6.44E-04 1.80E-01 3.31E-03 3.25E-04 8.55E-02 2.98E-03 4.58E-03 2.02E-02 4.20E-13 1.19E-11 2.74E-13 1.09E-12 5.60E-14 7.18E-15 8.19E-11 1.07E-13 2.45E-11 1.26E-12 2.00E-15 1.25E-12 1.37E-12 7.13E-15 1.83E-10 1.03E-08 4.32E-11 6.33E-09 5.38E-09 2.77E-06 1.45E-05 6.10E-05 1.37E-10 1.40E-06 2.21E-06 1.60E-05 1.69E-05 9.33E-06 2.18E-05 1.76E-05 1.25E-04 4.28E-04 4.64E-05 1.12E-04 1.29E-06 3.45E-08 0.00E+00
 19 1.89E-15 9.14E-04 1.08E-04 1.25E-16 8.00E-05 1.13E-04 1.63E-05 1.32E-05 1.93E-02 3.44E-01 7.44E-05 4.05E-03 1.65E-06 3.22E-05 8.27E-05 1.91E-05 5.18E-03 6.44E-04 1.81E-01 3.31E-03 3.23E-04 8.56E-02 2.98E-03 4.59E-03 2.02E-02 3.72E-13 1.04E-11 2.44E-13 9.53E-13 4.95E-14 6.13E-15 7.09E-11 9.36E-14 2.12E-11 1.07E-12 1.78E-15 1.10E-12 1.19E-12 6.29E-15 1.57E-10 1.08E-08 3.79E-11 6.47E-09 5.31E-09 2.88E-06 1.48E-05 6.23E-05 1.19E-10 1.42E-06 2.26E-06 1.59E-05 1.62E-05 9.34E-06 2.17E-05 1.70E-05 1.25E-04 4.11E-04 4.63E-05 1.12E-04 1.26E-06 4.96E-08 0.00E+00
 18 1.61E-15 9.15E-04 1.07E-04 3.73E-17 7.96E-05 1.12E-04 1.64E-05 1.32E-05 1.93E-02 3.44E-01 7.76E-05 4.05E-03 1.67E-06 3.22E-05 8.37E-05 1.93E-05 5.19E-03 6.44E-04 1.81E-01 3.30E-03 3.21E-04 8.57E-02 2.98E-03 4.60E-03 2.03E-02 3.27E-13 9.06E-12 2.16E-13 8.28E-13 4.34E-14 5.22E-15 6.11E-11 8.17E-14 1.83E-11 9.13E-13 1.58E-15 9.58E-13 1.03E-12 5.52E-15 1.34E-10 1.11E-08 3.32E-11 6.59E-09 5.24E-09 2.98E-06 1.51E-05 6.35E-05 1.03E-10 1.47E-06 2.31E-06 1.59E-05 1.55E-05 9.35E-06 2.16E-05 1.63E-05 1.25E-04 3.94E-04 4.62E-05 1.12E-04 1.23E-06 6.85E-08 0.00E+00
 17 1.37E-15 9.16E-04 1.07E-04 1.10E-17 7.92E-05 1.12E-04 1.65E-05 1.32E-05 1.94E-02 3.45E-01 8.04E-05 4.06E-03 1.68E-06 3.21E-05 8.45E-05 1.95E-05 5.19E-03 6.44E-04 1.81E-01 3.30E-03 3.18E-04 8.56E-02 2.98E-03 4.60E-03 2.03E-02 2.86E-13 7.86E-12 1.90E-13 7.18E-13 3.79E-14 4.44E-15 5.25E-11 7.12E-14 1.57E-11 7.76E-13 1.39E-15 8.32E-13 8.83E-13 4.83E-15 1.14E-10 1.14E-08 2.92E-11 6.69E-09 5.19E-09 3.06E-06 1.54E-05 6.45E-05 8.89E-11 1.52E-06 2.35E-06 1.58E-05 1.48E-05 9.35E-06 2.15E-05 1.57E-05 1.24E-04 3.79E-04 4.61E-05 1.12E-04 1.21E-06 9.00E-08 0.00E+00
 16 1.17E-15 9.17E-04 1.07E-04 3.28E-18 7.87E-05 1.11E-04 1.65E-05 1.31E-05 1.95E-02 3.45E-01 8.29E-05 4.06E-03 1.70E-06 3.21E-05 8.52E-05 1.96E-05 5.19E-03 6.43E-04 1.81E-01 3.29E-03 3.16E-04 8.55E-02 2.98E-03 4.60E-03 2.03E-02 2.50E-13 6.81E-12 1.67E-13 6.22E-13 3.31E-14 3.78E-15 4.52E-11 6.19E-14 1.36E-11 6.62E-13 1.22E-15 7.23E-13 7.61E-13 4.21E-15 9.73E-11 1.17E-08 2.58E-11 6.78E-09 5.14E-09 3.14E-06 1.56E-05 6.53E-05 7.73E-11 1.56E-06 2.39E-06 1.57E-05 1.42E-05 9.34E-06 2.14E-05 1.52E-05 1.24E-04 3.65E-04 4.59E-05 1.13E-04 1.18E-06 1.13E-07 0.00E+00
 15 9.99E-16 9.19E-04 1.07E-04 9.87E-19 7.82E-05 1.11E-04 1.65E-05 1.31E-05 1.95E-02 3.46E-01 8.52E-05 4.06E-03 1.71E-06 3.20E-05 8.58E-05 1.97E-05 5.18E-03 6.42E-04 1.81E-01 3.29E-03 3.13E-04 8.54E-02 2.98E-03 4.60E-03 2.04E-02 2.19E-13 5.93E-12 1.47E-13 5.42E-13 2.89E-14 3.24E-15 3.91E-11 5.41E-14 1.17E-11 5.67E-13 1.07E-15 6.30E-13 6.59E-13 3.69E-15 8.35E-11 1.19E-08 2.30E-11 6.86E-09 5.10E-09 3.20E-06 1.57E-05 6.60E-05 6.77E-11 1.60E-06 2.42E-06 1.56E-05 1.37E-05 9.33E-06 2.12E-05 1.47E-05 1.23E-04 3.52E-04 4.57E-05 1.13E-04 1.15E-06 1.37E-07 0.00E+00
 14 8.63E-16 9.20E-04 1.08E-04 3.04E-19 7.77E-05 1.10E-04 1.66E-05 1.30E-05 1.95E-02 3.46E-01 8.72E-05 4.06E-03 1.71E-06 3.20E-05 8.63E-05 1.98E-05 5.17E-03 6.41E-04 1.81E-01 3.28E-03 3.11E-04 8.52E-02 2.98E-03 4.60E-03 2.04E-02 1.93E-13 5.19E-12 1.30E-13 4.75E-13 2.55E-14 2.80E-15 3.41E-11 4.75E-14 1.02E-11 4.90E-13 9.47E-16 5.53E-13 5.75E-13 3.25E-15 7.22E-11 1.22E-08 2.08E-11 6.92E-09 5.08E-09 3.26E-06 1.59E-05 6.66E-05 5.98E-11 1.63E-06 2.45E-06 1.54E-05 1.32E-05 9.31E-06 2.11E-05 1.42E-05 1.22E-04 3.40E-04 4.55E-05 1.13E-04 1.13E-06 1.61E-07 0.00E+00
 13 7.51E-16 9.21E-04 1.08E-04 9.67E-20 7.72E-05 1.09E-04 1.66E-05 1.30E-05 1.95E-02 3.47E-01 8.90E-05 4.06E-03 1.72E-06 3.19E-05 8.67E-05 1.99E-05 5.16E-03 6.39E-04 1.81E-01 3.27E-03 3.08E-04 8.50E-02 2.97E-03 4.60E-03 2.04E-02 1.71E-13 4.58E-12 1.16E-13 4.18E-13 2.26E-14 2.44E-15 2.99E-11 4.20E-14 8.97E-12 4.27E-13 8.42E-16 4.88E-13 5.05E-13 2.88E-15 6.29E-11 1.23E-08 1.89E-11 6.98E-09 5.06E-09 3.31E-06 1.60E-05 6.71E-05 5.33E-11 1.66E-06 2.47E-06 1.53E-05 1.27E-05 9.29E-06 2.10E-05 1.37E-05 1.22E-04 3.29E-04 4.53E-05 1.13E-04 1.11E-06 1.86E-07 0.00E+00
 12 6.60E-16 9.21E-04 1.08E-04 3.21E-20 7.67E-05 1.09E-04 1.65E-05 1.29E-05 1.95E-02 3.47E-01 9.03E-05 4.05E-03 1.72E-06 3.19E-05 8.69E-05 1.99E-05 5.15E-03 6.37E-04 1.81E-01 3.26E-03 3.06E-04 8.47E-02 2.97E-03 4.59E-03 2.04E-02 1.52E-13 4.06E-12 1.04E-13 3.71E-13 2.01E-14 2.14E-15 2.64E-11 3.73E-14 7.93E-12 3.75E-13 7.52E-16 4.34E-13 4.46E-13 2.57E-15 5.53E-11 1.25E-08 1.73E-11 7.02E-09 5.04E-09 3.34E-06 1.61E-05 6.74E-05 4.80E-11 1.68E-06 2.48E-06 1.52E-05 1.22E-05 9.27E-06 2.08E-05 1.33E-05 1.21E-04 3.19E-04 4.51E-05 1.13E-04 1.09E-06 2.07E-07 0.00E+00
 11 5.87E-16 9.21E-04 1.07E-04 1.12E-20 7.62E-05 1.08E-04 1.65E-05 1.29E-05 1.95E-02 3.47E-01 9.13E-05 4.05E-03 1.72E-06 3.18E-05 8.70E-05 1.99E-05 5.14E-03 6.35E-04 1.80E-01 3.24E-03 3.04E-04 8.45E-02 2.96E-03 4.59E-03 2.04E-02 1.37E-13 3.64E-12 9.34E-14 3.33E-13 1.81E-14 1.91E-15 2.36E-11 3.35E-14 7.09E-12 3.33E-13 6.78E-16 3.89E-13 3.99E-13 2.31E-15 4.92E-11 1.26E-08 1.61E-11 7.03E-09 5.01E-09 3.36E-06 1.61E-05 6.75E-05 4.37E-11 1.69E-06 2.49E-06 1.51E-05 1.18E-05 9.24E-06 2.07E-05 1.29E-05 1.20E-04 3.10E-04 4.48E-05 1.13E-04 1.07E-06 2.24E-07 0.00E+00
 10 5.30E-16 9.21E-04 1.07E-04 4.16E-21 7.57E-05 1.07E-04 1.65E-05 1.28E-05 1.95E-02 3.48E-01 9.20E-05 4.04E-03 1.72E-06 3.17E-05 8.70E-05 1.99E-05 5.12E-03 6.32E-04 1.80E-01 3.23E-03 3.01E-04 8.41E-02 2.95E-03 4.58E-03 2.04E-02 1.25E-13 3.31E-12 8.53E-14 3.03E-13 1.65E-14 1.72E-15 2.14E-11 3.05E-14 6.43E-12 3.01E-13 6.19E-16 3.54E-13 3.62E-13 2.10E-15 4.45E-11 1.26E-08 1.51E-11 7.04E-09 4.99E-09 3.38E-06 1.61E-05 6.76E-05 4.03E-11 1.70E-06 2.49E-06 1.50E-05 1.15E-05 9.21E-06 2.06E-05 1.26E-05 1.20E-04 3.01E-04 4.46E-05 1.13E-04 1.04E-06 2.39E-07 0.00E+00
  9 4.87E-16 9.21E-04 1.07E-04 1.65E-21 7.52E-05 1.07E-04 1.64E-05 1.27E-05 1.95E-02 3.48E-01 9.25E-05 4.03E-03 1.71E-06 3.17E-05 8.70E-05 1.98E-05 5.11E-03 6.30E-04 1.80E-01 3.22E-03 2.99E-04 8.38E-02 2.94E-03 4.57E-03 2.03E-02 1.16E-13 3.06E-12 7.93E-14 2.80E-13 1.53E-14 1.58E-15 1.98E-11 2.83E-14 5.94E-12 2.77E-13 5.75E-16 3.28E-13 3.34E-13 1.95E-15 4.09E-11 1.27E-08 1.44E-11 7.05E-09 4.98E-09 3.39E-06 1.62E-05 6.76E-05 3.79E-11 1.71E-06 2.49E-06 1.49E-05 1.11E-05 9.17E-06 2.04E-05 1.22E-05 1.19E-04 2.94E-04 4.44E-05 1.13E-04 1.03E-06 2.53E-07 0.00E+00
  8 4.58E-16 9.21E-04 1.07E-04 7.06E-22 7.47E-05 1.06E-04 1.64E-05 1.27E-05 1.94E-02 3.48E-01 9.30E-05 4.02E-03 1.71E-06 3.16E-05 8.70E-05 1.98E-05 5.09E-03 6.27E-04 1.79E-01 3.20E-03 2.97E-04 8.35E-02 2.94E-03 4.56E-03 2.03E-02 1.10E-13 2.89E-12 7.52E-14 2.65E-13 1.45E-14 1.49E-15 1.86E-11 2.67E-14 5.60E-12 2.60E-13 5.45E-16 3.10E-13 3.15E-13 1.85E-15 3.85E-11 1.27E-08 1.39E-11 7.06E-09 4.98E-09 3.40E-06 1.62E-05 6.76E-05 3.62E-11 1.72E-06 2.50E-06 1.48E-05 1.09E-05 9.14E-06 2.03E-05 1.20E-05 1.18E-04 2.87E-04 4.41E-05 1.13E-04 1.01E-06 2.66E-07 0.00E+00
  7 4.38E-16 9.20E-04 1.06E-04 3.28E-22 7.42E-05 1.05E-04 1.63E-05 1.26E-05 1.94E-02 3.48E-01 9.34E-05 4.00E-03 1.71E-06 3.15E-05 8.69E-05 1.97E-05 5.07E-03 6.25E-04 1.79E-01 3.19E-03 2.95E-04 8.31E-02 2.93E-03 4.55E-03 2.03E-02 1.06E-13 2.78E-12 7.24E-14 2.54E-13 1.39E-14 1.42E-15 1.78E-11 2.57E-14 5.37E-12 2.49E-13 5.25E-16 2.98E-13 3.02E-13 1.78E-15 3.68E-11 1.27E-08 1.36E-11 7.06E-09 4.98E-09 3.41E-06 1.61E-05 6.76E-05 3.50E-11 1.72E-06 2.50E-06 1.47E-05 1.06E-05 9.10E-06 2.02E-05 1.17E-05 1.18E-04 2.82E-04 4.39E-05 1.13E-04 9.96E-07 2.77E-07 0.00E+00
  6 4.25E-16 9.20E-04 1.06E-04 1.67E-22 7.38E-05 1.05E-04 1.62E-05 1.25E-05 1.93E-02 3.48E-01 9.37E-05 3.99E-03 1.70E-06 3.15E-05 8.68E-05 1.97E-05 5.05E-03 6.22E-04 1.78E-01 3.17E-03 2.94E-04 8.27E-02 2.92E-03 4.53E-03 2.03E-02 1.03E-13 2.71E-12 7.09E-14 2.48E-13 1.36E-14 1.38E-15 1.74E-11 2.51E-14 5.22E-12 2.41E-13 5.14E-16 2.91E-13 2.95E-13 1.74E-15 3.57E-11 1.28E-08 1.34E-11 7.06E-09 4.98E-09 3.42E-06 1.61E-05 6.75E-05 3.43E-11 1.73E-06 2.49E-06 1.46E-05 1.04E-05 9.07E-06 2.01E-05 1.15E-05 1.17E-04 2.77E-04 4.36E-05 1.13E-04 9.84E-07 2.88E-07 0.00E+00
  5 4.19E-16 9.19E-04 1.06E-04 9.48E-23 7.33E-05 1.04E-04 1.62E-05 1.25E-05 1.93E-02 3.48E-01 9.39E-05 3.98E-03 1.70E-06 3.14E-05 8.66E-05 1.96E-05 5.03E-03 6.19E-04 1.78E-01 3.16E-03 2.92E-04 8.24E-02 2.91E-03 4.52E-03 2.02E-02 1.02E-13 2.68E-12 7.03E-14 2.45E-13 1.35E-14 1.36E-15 1.72E-11 2.48E-14 5.16E-12 2.38E-13 5.10E-16 2.88E-13 2.91E-13 1.72E-15 3.53E-11 1.28E-08 1.33E-11 7.05E-09 4.98E-09 3.42E-06 1.61E-05 6.74E-05 3.40E-11 1.73E-06 2.49E-06 1.45E-05 1.02E-05 9.03E-06 1.99E-05 1.13E-05 1.16E-04 2.72E-04 4.34E-05 1.13E-04 9.73E-07 2.97E-07 0.00E+00
  4 4.19E-16 9.18E-04 1.06E-04 6.50E-23 7.29E-05 1.04E-04 1.61E-05 1.24E-05 1.92E-02 3.49E-01 9.40E-05 3.97E-03 1.69E-06 3.13E-05 8.65E-05 1.96E-05 5.02E-03 6.17E-04 1.77E-01 3.15E-03 2.90E-04 8.20E-02 2.90E-03 4.51E-03 2.02E-02 1.03E-13 2.69E-12 7.07E-14 2.46E-13 1.35E-14 1.36E-15 1.72E-11 2.49E-14 5.18E-12 2.38E-13 5.13E-16 2.89E-13 2.92E-13 1.73E-15 3.53E-11 1.28E-08 1.33E-11 7.05E-09 4.99E-09 3.42E-06 1.61E-05 6.73E-05 3.41E-11 1.73E-06 2.49E-06 1.45E-05 1.00E-05 9.00E-06 1.98E-05 1.11E-05 1.16E-04 2.69E-04 4.32E-05 1.13E-04 9.65E-07 3.05E-07 0.00E+00
  3 4.27E-16 9.67E-04 8.97E-05 4.96E-23 6.12E-05 8.82E-05 1.37E-05 1.06E-05 1.76E-02 3.92E-01 8.09E-05 3.59E-03 1.43E-06 3.20E-05 7.72E-05 1.66E-05 4.49E-03 5.40E-04 1.63E-01 2.75E-03 2.45E-04 7.11E-02 2.72E-03 4.30E-03 2.04E-02 1.05E-13 2.75E-12 7.24E-14 2.52E-13 1.38E-14 1.39E-15 1.76E-11 2.55E-14 5.28E-12 2.42E-13 5.25E-16 2.95E-13 2.98E-13 1.77E-15 3.59E-11 1.09E-08 1.26E-11 5.96E-09 4.37E-09 2.90E-06 1.36E-05 5.69E-05 3.37E-11 1.47E-06 2.10E-06 1.21E-05 8.46E-06 7.89E-06 1.67E-05 9.26E-06 9.74E-05 2.66E-04 3.63E-05 1.23E-04 8.20E-07 2.65E-07 0.00E+00
  2 2.15E-16 5.21E-04 4.83E-05 1.36E-23 3.30E-05 4.76E-05 7.39E-06 5.71E-06 9.54E-03 2.11E-01 4.39E-05 1.95E-03 7.70E-07 1.72E-05 4.19E-05 8.97E-06 2.43E-03 2.92E-04 8.87E-02 1.49E-03 1.31E-04 3.85E-02 1.47E-03 2.33E-03 1.10E-02 5.32E-14 1.39E-12 3.66E-14 1.27E-13 6.99E-15 6.98E-16 8.86E-12 1.29E-14 2.66E-12 1.22E-13 2.65E-16 1.49E-13 1.50E-13 8.94E-16 1.81E-11 5.86E-09 6.54E-12 3.21E-09 2.34E-09 1.57E-06 7.35E-06 3.07E-05 1.73E-11 7.94E-07 1.13E-06 6.52E-06 4.52E-06 4.27E-06 8.96E-06 4.94E-06 5.25E-05 1.43E-04 1.96E-05 6.64E-05 4.38E-07 1.46E-07 0.00E+00
  1 1.91E-16 5.16E-04 4.65E-05 7.42E-24 3.20E-05 4.64E-05 7.18E-06 5.55E-06 9.37E-03 2.11E-01 4.27E-05 1.91E-03 7.44E-07 1.70E-05 4.10E-05 8.71E-06 2.39E-03 2.86E-04 8.72E-02 1.45E-03 1.27E-04 3.76E-02 1.45E-03 2.30E-03 1.09E-02 4.72E-14 1.23E-12 3.25E-14 1.13E-13 6.21E-15 6.19E-16 7.87E-12 1.14E-14 2.37E-12 1.08E-13 2.36E-16 1.32E-13 1.33E-13 7.94E-16 1.61E-11 5.64E-09 6.00E-12 3.10E-09 2.24E-09 1.51E-06 7.12E-06 2.97E-05 1.56E-11 7.69E-07 1.10E-06 6.30E-06 4.33E-06 4.18E-06 8.66E-06 4.71E-06 5.09E-05 1.39E-04 1.90E-05 6.60E-05 4.15E-07 1.41E-07 0.00E+00
